<?xml version="1.0" encoding="UTF-8"?>
<!-- Generated by org.testng.reporters.JUnitReportReporter -->
<testsuite hostname="LAPTOP-LHHKFES4" failures="0" tests="1" name="Day_03.practice" time="1.778" errors="0" timestamp="2024-12-10T18:41:49 IST" skipped="0">
  <testcase classname="Day_03.practice" name="testCookies" time="1.778"/>
  <system-out/>
</testsuite> <!-- Day_03.practice -->
