<?xml version="1.0" encoding="UTF-8"?>
<!-- Generated by org.testng.reporters.JUnitReportReporter -->
<testsuite hostname="LAPTOP-LHHKFES4" failures="0" tests="1" name="Day_05.ParsingXmlResponse" time="3.196" errors="0" timestamp="2024-12-04T11:32:07 IST" skipped="0">
  <testcase classname="Day_05.ParsingXmlResponse" name="testXmlResponse" time="3.196"/>
  <system-out/>
</testsuite> <!-- Day_05.ParsingXmlResponse -->
