<?xml version="1.0" encoding="UTF-8"?>
<!-- Generated by org.testng.reporters.JUnitReportReporter -->
<testsuite hostname="LAPTOP-LHHKFES4" failures="0" tests="4" name="Day_01.Practice" time="3.840" errors="0" timestamp="2024-10-22T11:04:37 IST" skipped="0">
  <testcase classname="Day_01.Practice" name="getuser" time="1.971"/>
  <system-out/>
  <testcase classname="Day_01.Practice" name="postuser" time="0.811"/>
  <system-out/>
  <testcase classname="Day_01.Practice" name="updateuser" time="0.541"/>
  <system-out/>
  <testcase classname="Day_01.Practice" name="deleteuser" time="0.517"/>
  <system-out/>
</testsuite> <!-- Day_01.Practice -->
