<?xml version="1.0" encoding="UTF-8"?>
<!-- Generated by org.testng.reporters.JUnitReportReporter -->
<testsuite hostname="LAPTOP-LHHKFES4" failures="0" tests="1" name="Day3.CookiesDemo" time="1.686" errors="0" timestamp="2024-12-01T17:27:53 IST" skipped="0">
  <testcase classname="Day3.CookiesDemo" name="getCookiesInfo" time="1.686"/>
  <system-out/>
</testsuite> <!-- Day3.CookiesDemo -->
