<?xml version="1.0" encoding="UTF-8"?>
<!-- Generated by org.testng.reporters.JUnitReportReporter -->
<testsuite hostname="LAPTOP-LHHKFES4" failures="0" tests="1" name="Day_05.FileUploadAndDownlaod" time="4.023" errors="0" timestamp="2024-12-04T18:54:48 IST" skipped="0">
  <testcase classname="Day_05.FileUploadAndDownlaod" name="singleFileUpload" time="4.023"/>
  <system-out/>
</testsuite> <!-- Day_05.FileUploadAndDownlaod -->
