<?xml version="1.0" encoding="UTF-8"?>
<!-- Generated by org.testng.reporters.JUnitReportReporter -->
<testsuite hostname="LAPTOP-LHHKFES4" failures="0" tests="1" name="Day3.HeaderDemo" time="1.702" errors="0" timestamp="2024-12-01T18:23:57 IST" skipped="0">
  <testcase classname="Day3.HeaderDemo" name="getHeaders" time="1.702"/>
  <system-out/>
</testsuite> <!-- Day3.HeaderDemo -->
