<?xml version="1.0" encoding="UTF-8"?>
<!-- Generated by org.testng.reporters.JUnitReportReporter -->
<testsuite hostname="LAPTOP-LHHKFES4" failures="0" tests="4" name="Day_01.HttpRequest" time="4.334" errors="0" timestamp="2024-12-10T12:57:44 IST" skipped="0">
  <testcase classname="Day_01.HttpRequest" name="getUser" time="2.481"/>
  <system-out/>
  <testcase classname="Day_01.HttpRequest" name="createUser" time="0.819"/>
  <system-out/>
  <testcase classname="Day_01.HttpRequest" name="updateUser" time="0.506"/>
  <system-out/>
  <testcase classname="Day_01.HttpRequest" name="deleteUser" time="0.528"/>
  <system-out/>
</testsuite> <!-- Day_01.HttpRequest -->
