<?xml version="1.0" encoding="UTF-8"?>
<!-- Generated by org.testng.reporters.JUnitReportReporter -->
<testsuite hostname="LAPTOP-LHHKFES4" failures="0" tests="1" name="Day04.PracticeResponse" time="1.321" errors="0" timestamp="2024-12-03T13:56:11 IST" skipped="0">
  <testcase classname="Day04.PracticeResponse" name="testResponse" time="1.321"/>
  <system-out/>
</testsuite> <!-- Day04.PracticeResponse -->
