<?xml version="1.0" encoding="UTF-8"?>
<!-- Generated by org.testng.reporters.JUnitReportReporter -->
<testsuite hostname="LAPTOP-LHHKFES4" failures="0" tests="1" name="Day3.Logging" time="2.177" errors="0" timestamp="2024-12-01T18:30:38 IST" skipped="0">
  <testcase classname="Day3.Logging" name="loggingDemo" time="2.177"/>
  <system-out/>
</testsuite> <!-- Day3.Logging -->
