<?xml version="1.0" encoding="UTF-8"?>
<!-- Generated by org.testng.reporters.JUnitReportReporter -->
<testsuite hostname="LAPTOP-LHHKFES4" failures="0" tests="1" name="Practice_01.HttpRequests" time="2.238" errors="0" timestamp="2024-12-10T12:52:16 IST" skipped="0">
  <testcase classname="Practice_01.HttpRequests" name="testPostUsingHashmap" time="2.238"/>
  <system-out/>
</testsuite> <!-- Practice_01.HttpRequests -->
