<?xml version="1.0" encoding="UTF-8"?>
<!-- Generated by org.testng.reporters.JUnitReportReporter -->
<testsuite hostname="LAPTOP-LHHKFES4" failures="0" tests="1" name="Day3.Query_Path_Parameter" time="2.438" errors="0" timestamp="2024-12-01T16:01:07 IST" skipped="0">
  <testcase classname="Day3.Query_Path_Parameter" name="testQueryandPath" time="2.438"/>
  <system-out/>
</testsuite> <!-- Day3.Query_Path_Parameter -->
