<?xml version="1.0" encoding="UTF-8"?>
<!-- Generated by org.testng.reporters.JUnitReportReporter -->
<testsuite hostname="LAPTOP-LHHKFES4" failures="0" tests="1" name="Day_02.PostRequestByPOJO_01" time="1.968" errors="0" timestamp="2024-12-01T15:25:59 IST" skipped="0">
  <testcase classname="Day_02.PostRequestByPOJO_01" name="testPostUsingPojo" time="1.968"/>
  <system-out/>
</testsuite> <!-- Day_02.PostRequestByPOJO_01 -->
