<?xml version="1.0" encoding="UTF-8"?>
<!-- Generated by org.testng.reporters.JUnitReportReporter -->
<testsuite hostname="LAPTOP-LHHKFES4" failures="0" tests="1" name="Day_02.postRequestByExternalJsonFile" time="2.119" errors="0" timestamp="2024-12-10T13:17:05 IST" skipped="0">
  <testcase classname="Day_02.postRequestByExternalJsonFile" name="testPostUsingExternalJsonFile" time="2.119"/>
  <system-out/>
</testsuite> <!-- Day_02.postRequestByExternalJsonFile -->
