<?xml version="1.0" encoding="UTF-8"?>
<!-- Generated by org.testng.reporters.JUnitReportReporter -->
<testsuite hostname="LAPTOP-LHHKFES4" failures="0" tests="1" name="Day_03.Query_Path_Parameter" time="1.820" errors="0" timestamp="2024-12-10T18:35:10 IST" skipped="0">
  <testcase classname="Day_03.Query_Path_Parameter" name="testQueryandPath" time="1.820"/>
  <system-out/>
</testsuite> <!-- Day_03.Query_Path_Parameter -->
