<?xml version="1.0" encoding="UTF-8"?>
<!-- Generated by org.testng.reporters.JUnitReportReporter -->
<testsuite hostname="LAPTOP-LHHKFES4" failures="0" tests="1" name="Day_07.Authentications" time="3.493" errors="0" timestamp="2024-12-09T12:07:00 IST" skipped="0">
  <testcase classname="Day_07.Authentications" name="testpreemptiveAuthentication" time="3.493"/>
  <system-out/>
</testsuite> <!-- Day_07.Authentications -->
