<?xml version="1.0" encoding="UTF-8"?>
<!-- Generated by org.testng.reporters.JUnitReportReporter -->
<testsuite hostname="LAPTOP-LHHKFES4" failures="0" tests="2" name="Day_06.SerializationAndDeseriallization" time="0.215" errors="0" timestamp="2024-12-06T14:45:46 IST" skipped="0">
  <testcase classname="Day_06.SerializationAndDeseriallization" name="pojo2Json" time="0.019"/>
  <system-out/>
  <testcase classname="Day_06.SerializationAndDeseriallization" name="jsontoPojo" time="0.196"/>
  <system-out/>
</testsuite> <!-- Day_06.SerializationAndDeseriallization -->
